<?xml version="1.0" encoding="UTF-8"?>
<testng-results ignored="0" total="1" passed="1" failed="0" skipped="0">
  <reporter-output>
  </reporter-output>
  <suite started-at="2024-09-04T10:32:19 IDT" name="Default suite" finished-at="2024-09-04T10:32:28 IDT" duration-ms="8776">
    <groups>
    </groups>
    <test started-at="2024-09-04T10:32:19 IDT" name="Default test" finished-at="2024-09-04T10:32:28 IDT" duration-ms="8776">
      <class name="LinkedInLogIn.LogInTest">
        <test-method is-config="true" signature="setUp()[pri:0, instance:LinkedInLogIn.LogInTest@4d15107f]" started-at="2024-09-04T10:32:19 IDT" name="setUp" finished-at="2024-09-04T10:32:27 IDT" duration-ms="8287" status="PASS">
          <reporter-output>
          </reporter-output>
        </test-method> <!-- setUp -->
        <test-method signature="verifySearchBoxVisible()[pri:0, instance:LinkedInLogIn.LogInTest@4d15107f]" started-at="2024-09-04T10:32:27 IDT" name="verifySearchBoxVisible" finished-at="2024-09-04T10:32:27 IDT" duration-ms="84" status="PASS">
          <reporter-output>
          </reporter-output>
        </test-method> <!-- verifySearchBoxVisible -->
        <test-method is-config="true" signature="tearDown()[pri:0, instance:LinkedInLogIn.LogInTest@4d15107f]" started-at="2024-09-04T10:32:27 IDT" name="tearDown" finished-at="2024-09-04T10:32:28 IDT" duration-ms="372" status="PASS">
          <reporter-output>
          </reporter-output>
        </test-method> <!-- tearDown -->
      </class> <!-- LinkedInLogIn.LogInTest -->
    </test> <!-- Default test -->
  </suite> <!-- Default suite -->
</testng-results>
